{"D:\\Educacion\\UTN\\IV Cuatrimestre\\Trabajo Final Integrador\\Lmsfudensa\\frontend\\src\\components\\CourseCard.tsx": {"path":"D:\\Educacion\\UTN\\IV Cuatrimestre\\Trabajo Final Integrador\\Lmsfudensa\\frontend\\src\\components\\CourseCard.tsx","statementMap":{"0":{"start":{"line":18,"column":13},"end":{"line":80,"column":null}},"1":{"start":{"line":27,"column":22},"end":{"line":31,"column":null}},"2":{"start":{"line":33,"column":2},"end":{"line":77,"column":null}}},"fnMap":{"0":{"name":"CourseCard","decl":{"start":{"line":18,"column":40},"end":{"line":18,"column":51}},"loc":{"start":{"line":26,"column":18},"end":{"line":80,"column":null}},"line":26}},"branchMap":{"0":{"loc":{"start":{"line":48,"column":11},"end":{"line":51,"column":null}},"type":"binary-expr","locations":[{"start":{"line":48,"column":11},"end":{"line":48,"column":null}},{"start":{"line":48,"column":11},"end":{"line":51,"column":null}}],"line":48},"1":{"loc":{"start":{"line":73,"column":7},"end":{"line":77,"column":null}},"type":"cond-expr","locations":[{"start":{"line":73,"column":46},"end":{"line":77,"column":null}},{"start":{"line":77,"column":10},"end":{"line":77,"column":null}}],"line":73},"2":{"loc":{"start":{"line":73,"column":7},"end":{"line":73,"column":null}},"type":"binary-expr","locations":[{"start":{"line":73,"column":7},"end":{"line":73,"column":33}},{"start":{"line":73,"column":33},"end":{"line":73,"column":null}}],"line":73}},"s":{"0":1,"1":4,"2":4},"f":{"0":4},"b":{"0":[4,0],"1":[0,4],"2":[4,0]},"meta":{"lastBranch":3,"lastFunction":1,"lastStatement":3,"seen":{"s:18:13:80:Infinity":0,"f:18:40:18:51":0,"s:27:22:31:Infinity":1,"s:33:2:77:Infinity":2,"b:48:11:48:Infinity:48:11:51:Infinity":0,"b:73:46:77:Infinity:77:10:77:Infinity":1,"b:73:7:73:33:73:33:73:Infinity":2}}}
,"D:\\Educacion\\UTN\\IV Cuatrimestre\\Trabajo Final Integrador\\Lmsfudensa\\frontend\\src\\components\\TeacherForm.tsx": {"path":"D:\\Educacion\\UTN\\IV Cuatrimestre\\Trabajo Final Integrador\\Lmsfudensa\\frontend\\src\\components\\TeacherForm.tsx","statementMap":{"0":{"start":{"line":20,"column":31},"end":{"line":33,"column":null}},"1":{"start":{"line":35,"column":27},"end":{"line":35,"column":null}},"2":{"start":{"line":37,"column":28},"end":{"line":43,"column":null}},"3":{"start":{"line":38,"column":4},"end":{"line":38,"column":null}},"4":{"start":{"line":40,"column":4},"end":{"line":42,"column":null}},"5":{"start":{"line":41,"column":6},"end":{"line":41,"column":null}},"6":{"start":{"line":45,"column":23},"end":{"line":72,"column":null}},"7":{"start":{"line":46,"column":4},"end":{"line":46,"column":null}},"8":{"start":{"line":48,"column":4},"end":{"line":71,"column":null}},"9":{"start":{"line":50,"column":31},"end":{"line":58,"column":null}},"10":{"start":{"line":60,"column":6},"end":{"line":64,"column":null}},"11":{"start":{"line":61,"column":8},"end":{"line":61,"column":null}},"12":{"start":{"line":62,"column":8},"end":{"line":62,"column":null}},"13":{"start":{"line":63,"column":8},"end":{"line":63,"column":null}},"14":{"start":{"line":67,"column":6},"end":{"line":67,"column":null}},"15":{"start":{"line":69,"column":6},"end":{"line":69,"column":null}},"16":{"start":{"line":70,"column":6},"end":{"line":70,"column":null}},"17":{"start":{"line":74,"column":2},"end":{"line":259,"column":null}},"18":{"start":{"line":107,"column":33},"end":{"line":107,"column":null}},"19":{"start":{"line":121,"column":33},"end":{"line":121,"column":null}},"20":{"start":{"line":136,"column":31},"end":{"line":136,"column":null}},"21":{"start":{"line":149,"column":18},"end":{"line":149,"column":null}},"22":{"start":{"line":160,"column":33},"end":{"line":160,"column":null}},"23":{"start":{"line":181,"column":18},"end":{"line":181,"column":null}},"24":{"start":{"line":193,"column":18},"end":{"line":193,"column":null}},"25":{"start":{"line":210,"column":18},"end":{"line":210,"column":null}},"26":{"start":{"line":224,"column":18},"end":{"line":224,"column":null}},"27":{"start":{"line":237,"column":18},"end":{"line":237,"column":null}},"28":{"start":{"line":250,"column":31},"end":{"line":250,"column":null}}},"fnMap":{"0":{"name":"TeacherForm","decl":{"start":{"line":19,"column":16},"end":{"line":19,"column":28}},"loc":{"start":{"line":19,"column":75},"end":{"line":266,"column":null}},"line":19},"1":{"name":"(anonymous_1)","decl":{"start":{"line":37,"column":28},"end":{"line":37,"column":29}},"loc":{"start":{"line":37,"column":44},"end":{"line":43,"column":null}},"line":37},"2":{"name":"(anonymous_2)","decl":{"start":{"line":45,"column":23},"end":{"line":45,"column":null}},"loc":{"start":{"line":45,"column":23},"end":{"line":72,"column":null}},"line":45},"3":{"name":"(anonymous_3)","decl":{"start":{"line":107,"column":26},"end":{"line":107,"column":27}},"loc":{"start":{"line":107,"column":33},"end":{"line":107,"column":null}},"line":107},"4":{"name":"(anonymous_4)","decl":{"start":{"line":121,"column":26},"end":{"line":121,"column":27}},"loc":{"start":{"line":121,"column":33},"end":{"line":121,"column":null}},"line":121},"5":{"name":"(anonymous_5)","decl":{"start":{"line":136,"column":24},"end":{"line":136,"column":25}},"loc":{"start":{"line":136,"column":31},"end":{"line":136,"column":null}},"line":136},"6":{"name":"(anonymous_6)","decl":{"start":{"line":148,"column":26},"end":{"line":148,"column":27}},"loc":{"start":{"line":149,"column":18},"end":{"line":149,"column":null}},"line":149},"7":{"name":"(anonymous_7)","decl":{"start":{"line":160,"column":26},"end":{"line":160,"column":27}},"loc":{"start":{"line":160,"column":33},"end":{"line":160,"column":null}},"line":160},"8":{"name":"(anonymous_8)","decl":{"start":{"line":180,"column":26},"end":{"line":180,"column":27}},"loc":{"start":{"line":181,"column":18},"end":{"line":181,"column":null}},"line":181},"9":{"name":"(anonymous_9)","decl":{"start":{"line":192,"column":26},"end":{"line":192,"column":27}},"loc":{"start":{"line":193,"column":18},"end":{"line":193,"column":null}},"line":193},"10":{"name":"(anonymous_10)","decl":{"start":{"line":209,"column":26},"end":{"line":209,"column":27}},"loc":{"start":{"line":210,"column":18},"end":{"line":210,"column":null}},"line":210},"11":{"name":"(anonymous_11)","decl":{"start":{"line":223,"column":26},"end":{"line":223,"column":27}},"loc":{"start":{"line":224,"column":18},"end":{"line":224,"column":null}},"line":224},"12":{"name":"(anonymous_12)","decl":{"start":{"line":236,"column":26},"end":{"line":236,"column":27}},"loc":{"start":{"line":237,"column":18},"end":{"line":237,"column":null}},"line":237},"13":{"name":"(anonymous_13)","decl":{"start":{"line":250,"column":24},"end":{"line":250,"column":25}},"loc":{"start":{"line":250,"column":31},"end":{"line":250,"column":null}},"line":250}},"branchMap":{"0":{"loc":{"start":{"line":21,"column":4},"end":{"line":33,"column":null}},"type":"binary-expr","locations":[{"start":{"line":21,"column":4},"end":{"line":21,"column":15}},{"start":{"line":21,"column":15},"end":{"line":33,"column":null}}],"line":21},"1":{"loc":{"start":{"line":40,"column":4},"end":{"line":42,"column":null}},"type":"if","locations":[{"start":{"line":40,"column":4},"end":{"line":42,"column":null}},{"start":{},"end":{}}],"line":40},"2":{"loc":{"start":{"line":53,"column":24},"end":{"line":53,"column":null}},"type":"binary-expr","locations":[{"start":{"line":53,"column":24},"end":{"line":53,"column":47}},{"start":{"line":53,"column":51},"end":{"line":53,"column":null}}],"line":53},"3":{"loc":{"start":{"line":60,"column":6},"end":{"line":64,"column":null}},"type":"if","locations":[{"start":{"line":60,"column":6},"end":{"line":64,"column":null}},{"start":{},"end":{}}],"line":60},"4":{"loc":{"start":{"line":61,"column":18},"end":{"line":61,"column":null}},"type":"binary-expr","locations":[{"start":{"line":61,"column":18},"end":{"line":61,"column":41}},{"start":{"line":61,"column":45},"end":{"line":61,"column":null}}],"line":61},"5":{"loc":{"start":{"line":79,"column":13},"end":{"line":79,"column":null}},"type":"cond-expr","locations":[{"start":{"line":79,"column":23},"end":{"line":79,"column":42}},{"start":{"line":79,"column":42},"end":{"line":79,"column":null}}],"line":79},"6":{"loc":{"start":{"line":91,"column":13},"end":{"line":91,"column":null}},"type":"cond-expr","locations":[{"start":{"line":91,"column":23},"end":{"line":91,"column":43}},{"start":{"line":91,"column":43},"end":{"line":91,"column":null}}],"line":91},"7":{"loc":{"start":{"line":109,"column":27},"end":{"line":109,"column":null}},"type":"cond-expr","locations":[{"start":{"line":109,"column":46},"end":{"line":109,"column":65}},{"start":{"line":109,"column":65},"end":{"line":109,"column":null}}],"line":109},"8":{"loc":{"start":{"line":111,"column":15},"end":{"line":112,"column":null}},"type":"binary-expr","locations":[{"start":{"line":111,"column":15},"end":{"line":111,"column":31}},{"start":{"line":111,"column":31},"end":{"line":112,"column":null}}],"line":111},"9":{"loc":{"start":{"line":123,"column":27},"end":{"line":123,"column":null}},"type":"cond-expr","locations":[{"start":{"line":123,"column":42},"end":{"line":123,"column":61}},{"start":{"line":123,"column":61},"end":{"line":123,"column":null}}],"line":123},"10":{"loc":{"start":{"line":125,"column":15},"end":{"line":126,"column":null}},"type":"binary-expr","locations":[{"start":{"line":125,"column":15},"end":{"line":125,"column":27}},{"start":{"line":125,"column":27},"end":{"line":126,"column":null}}],"line":125},"11":{"loc":{"start":{"line":135,"column":21},"end":{"line":135,"column":null}},"type":"binary-expr","locations":[{"start":{"line":135,"column":21},"end":{"line":135,"column":33}},{"start":{"line":135,"column":37},"end":{"line":135,"column":null}}],"line":135},"12":{"loc":{"start":{"line":147,"column":23},"end":{"line":147,"column":null}},"type":"binary-expr","locations":[{"start":{"line":147,"column":23},"end":{"line":147,"column":46}},{"start":{"line":147,"column":50},"end":{"line":147,"column":null}}],"line":147},"13":{"loc":{"start":{"line":159,"column":23},"end":{"line":159,"column":null}},"type":"binary-expr","locations":[{"start":{"line":159,"column":23},"end":{"line":159,"column":42}},{"start":{"line":159,"column":46},"end":{"line":159,"column":null}}],"line":159},"14":{"loc":{"start":{"line":179,"column":23},"end":{"line":179,"column":null}},"type":"binary-expr","locations":[{"start":{"line":179,"column":23},"end":{"line":179,"column":51}},{"start":{"line":179,"column":55},"end":{"line":179,"column":null}}],"line":179},"15":{"loc":{"start":{"line":191,"column":23},"end":{"line":191,"column":null}},"type":"binary-expr","locations":[{"start":{"line":191,"column":23},"end":{"line":191,"column":43}},{"start":{"line":191,"column":47},"end":{"line":191,"column":null}}],"line":191},"16":{"loc":{"start":{"line":193,"column":51},"end":{"line":193,"column":null}},"type":"cond-expr","locations":[{"start":{"line":193,"column":68},"end":{"line":193,"column":97}},{"start":{"line":193,"column":97},"end":{"line":193,"column":null}}],"line":193},"17":{"loc":{"start":{"line":208,"column":23},"end":{"line":208,"column":null}},"type":"binary-expr","locations":[{"start":{"line":208,"column":23},"end":{"line":208,"column":38}},{"start":{"line":208,"column":42},"end":{"line":208,"column":null}}],"line":208},"18":{"loc":{"start":{"line":222,"column":23},"end":{"line":222,"column":null}},"type":"binary-expr","locations":[{"start":{"line":222,"column":23},"end":{"line":222,"column":46}},{"start":{"line":222,"column":50},"end":{"line":222,"column":null}}],"line":222},"19":{"loc":{"start":{"line":235,"column":23},"end":{"line":235,"column":null}},"type":"binary-expr","locations":[{"start":{"line":235,"column":23},"end":{"line":235,"column":45}},{"start":{"line":235,"column":49},"end":{"line":235,"column":null}}],"line":235},"20":{"loc":{"start":{"line":256,"column":13},"end":{"line":259,"column":null}},"type":"cond-expr","locations":[{"start":{"line":256,"column":31},"end":{"line":259,"column":15}},{"start":{"line":259,"column":14},"end":{"line":259,"column":null}}],"line":256}},"s":{"0":3,"1":3,"2":3,"3":0,"4":0,"5":0,"6":3,"7":0,"8":0,"9":0,"10":0,"11":0,"12":0,"13":0,"14":0,"15":0,"16":0,"17":3,"18":0,"19":0,"20":0,"21":0,"22":0,"23":0,"24":0,"25":0,"26":0,"27":0,"28":0},"f":{"0":3,"1":0,"2":0,"3":0,"4":0,"5":0,"6":0,"7":0,"8":0,"9":0,"10":0,"11":0,"12":0,"13":0},"b":{"0":[3,3],"1":[0,0],"2":[0,0],"3":[0,0],"4":[0,0],"5":[0,3],"6":[0,3],"7":[0,3],"8":[3,0],"9":[0,3],"10":[3,0],"11":[3,3],"12":[3,3],"13":[3,3],"14":[3,3],"15":[3,3],"16":[0,0],"17":[3,3],"18":[3,3],"19":[3,3],"20":[3,0]},"meta":{"lastBranch":21,"lastFunction":14,"lastStatement":29,"seen":{"f:19:16:19:28":0,"s:20:31:33:Infinity":0,"b:21:4:21:15:21:15:33:Infinity":0,"s:35:27:35:Infinity":1,"s:37:28:43:Infinity":2,"f:37:28:37:29":1,"s:38:4:38:Infinity":3,"b:40:4:42:Infinity:undefined:undefined:undefined:undefined":1,"s:40:4:42:Infinity":4,"s:41:6:41:Infinity":5,"s:45:23:72:Infinity":6,"f:45:23:45:Infinity":2,"s:46:4:46:Infinity":7,"s:48:4:71:Infinity":8,"s:50:31:58:Infinity":9,"b:53:24:53:47:53:51:53:Infinity":2,"b:60:6:64:Infinity:undefined:undefined:undefined:undefined":3,"s:60:6:64:Infinity":10,"s:61:8:61:Infinity":11,"b:61:18:61:41:61:45:61:Infinity":4,"s:62:8:62:Infinity":12,"s:63:8:63:Infinity":13,"s:67:6:67:Infinity":14,"s:69:6:69:Infinity":15,"s:70:6:70:Infinity":16,"s:74:2:259:Infinity":17,"b:79:23:79:42:79:42:79:Infinity":5,"b:91:23:91:43:91:43:91:Infinity":6,"f:107:26:107:27":3,"s:107:33:107:Infinity":18,"b:109:46:109:65:109:65:109:Infinity":7,"b:111:15:111:31:111:31:112:Infinity":8,"f:121:26:121:27":4,"s:121:33:121:Infinity":19,"b:123:42:123:61:123:61:123:Infinity":9,"b:125:15:125:27:125:27:126:Infinity":10,"b:135:21:135:33:135:37:135:Infinity":11,"f:136:24:136:25":5,"s:136:31:136:Infinity":20,"b:147:23:147:46:147:50:147:Infinity":12,"f:148:26:148:27":6,"s:149:18:149:Infinity":21,"b:159:23:159:42:159:46:159:Infinity":13,"f:160:26:160:27":7,"s:160:33:160:Infinity":22,"b:179:23:179:51:179:55:179:Infinity":14,"f:180:26:180:27":8,"s:181:18:181:Infinity":23,"b:191:23:191:43:191:47:191:Infinity":15,"f:192:26:192:27":9,"s:193:18:193:Infinity":24,"b:193:68:193:97:193:97:193:Infinity":16,"b:208:23:208:38:208:42:208:Infinity":17,"f:209:26:209:27":10,"s:210:18:210:Infinity":25,"b:222:23:222:46:222:50:222:Infinity":18,"f:223:26:223:27":11,"s:224:18:224:Infinity":26,"b:235:23:235:45:235:49:235:Infinity":19,"f:236:26:236:27":12,"s:237:18:237:Infinity":27,"f:250:24:250:25":13,"s:250:31:250:Infinity":28,"b:256:31:259:15:259:14:259:Infinity":20}}}
,"D:\\Educacion\\UTN\\IV Cuatrimestre\\Trabajo Final Integrador\\Lmsfudensa\\frontend\\src\\components\\figma\\ImageWithFallback.tsx": {"path":"D:\\Educacion\\UTN\\IV Cuatrimestre\\Trabajo Final Integrador\\Lmsfudensa\\frontend\\src\\components\\figma\\ImageWithFallback.tsx","statementMap":{"0":{"start":{"line":4,"column":2},"end":{"line":4,"column":null}},"1":{"start":{"line":7,"column":31},"end":{"line":7,"column":null}},"2":{"start":{"line":9,"column":22},"end":{"line":11,"column":null}},"3":{"start":{"line":10,"column":4},"end":{"line":10,"column":null}},"4":{"start":{"line":13,"column":50},"end":{"line":13,"column":null}},"5":{"start":{"line":15,"column":2},"end":{"line":25,"column":null}}},"fnMap":{"0":{"name":"ImageWithFallback","decl":{"start":{"line":6,"column":16},"end":{"line":6,"column":34}},"loc":{"start":{"line":6,"column":82},"end":{"line":27,"column":null}},"line":6},"1":{"name":"(anonymous_1)","decl":{"start":{"line":9,"column":22},"end":{"line":9,"column":null}},"loc":{"start":{"line":9,"column":22},"end":{"line":11,"column":null}},"line":9}},"branchMap":{"0":{"loc":{"start":{"line":15,"column":9},"end":{"line":25,"column":null}},"type":"cond-expr","locations":[{"start":{"line":15,"column":9},"end":{"line":25,"column":5}},{"start":{"line":25,"column":4},"end":{"line":25,"column":null}}],"line":15},"1":{"loc":{"start":{"line":17,"column":70},"end":{"line":17,"column":87}},"type":"binary-expr","locations":[{"start":{"line":17,"column":70},"end":{"line":17,"column":83}},{"start":{"line":17,"column":83},"end":{"line":17,"column":87}}],"line":17}},"s":{"0":1,"1":4,"2":4,"3":0,"4":4,"5":4},"f":{"0":4,"1":0},"b":{"0":[0,4],"1":[0,0]},"meta":{"lastBranch":2,"lastFunction":2,"lastStatement":6,"seen":{"s:4:2:4:Infinity":0,"f:6:16:6:34":0,"s:7:31:7:Infinity":1,"s:9:22:11:Infinity":2,"f:9:22:9:Infinity":1,"s:10:4:10:Infinity":3,"s:13:50:13:Infinity":4,"s:15:2:25:Infinity":5,"b:15:9:25:5:25:4:25:Infinity":0,"b:17:70:17:83:17:83:17:87":1}}}
,"D:\\Educacion\\UTN\\IV Cuatrimestre\\Trabajo Final Integrador\\Lmsfudensa\\frontend\\src\\components\\ui\\badge.tsx": {"path":"D:\\Educacion\\UTN\\IV Cuatrimestre\\Trabajo Final Integrador\\Lmsfudensa\\frontend\\src\\components\\ui\\badge.tsx","statementMap":{"0":{"start":{"line":7,"column":6},"end":{"line":25,"column":null}},"1":{"start":{"line":35,"column":15},"end":{"line":35,"column":null}},"2":{"start":{"line":37,"column":2},"end":{"line":41,"column":null}}},"fnMap":{"0":{"name":"Badge","decl":{"start":{"line":28,"column":9},"end":{"line":28,"column":15}},"loc":{"start":{"line":34,"column":60},"end":{"line":44,"column":null}},"line":34}},"branchMap":{"0":{"loc":{"start":{"line":31,"column":2},"end":{"line":31,"column":17}},"type":"default-arg","locations":[{"start":{"line":31,"column":12},"end":{"line":31,"column":17}}],"line":31},"1":{"loc":{"start":{"line":35,"column":15},"end":{"line":35,"column":null}},"type":"cond-expr","locations":[{"start":{"line":35,"column":25},"end":{"line":35,"column":32}},{"start":{"line":35,"column":32},"end":{"line":35,"column":null}}],"line":35}},"s":{"0":2,"1":7,"2":7},"f":{"0":7},"b":{"0":[7],"1":[0,7]},"meta":{"lastBranch":2,"lastFunction":1,"lastStatement":3,"seen":{"s:7:6:25:Infinity":0,"f:28:9:28:15":0,"b:31:12:31:17":0,"s:35:15:35:Infinity":1,"b:35:25:35:32:35:32:35:Infinity":1,"s:37:2:41:Infinity":2}}}
,"D:\\Educacion\\UTN\\IV Cuatrimestre\\Trabajo Final Integrador\\Lmsfudensa\\frontend\\src\\components\\ui\\button.tsx": {"path":"D:\\Educacion\\UTN\\IV Cuatrimestre\\Trabajo Final Integrador\\Lmsfudensa\\frontend\\src\\components\\ui\\button.tsx","statementMap":{"0":{"start":{"line":7,"column":6},"end":{"line":34,"column":null}},"1":{"start":{"line":43,"column":15},"end":{"line":55,"column":null}},"2":{"start":{"line":45,"column":17},"end":{"line":45,"column":null}},"3":{"start":{"line":47,"column":4},"end":{"line":52,"column":null}},"4":{"start":{"line":58,"column":0},"end":{"line":58,"column":null}}},"fnMap":{"0":{"name":"(anonymous_0)","decl":{"start":{"line":44,"column":2},"end":{"line":44,"column":3}},"loc":{"start":{"line":44,"column":60},"end":{"line":55,"column":null}},"line":44}},"branchMap":{"0":{"loc":{"start":{"line":44,"column":31},"end":{"line":44,"column":46}},"type":"default-arg","locations":[{"start":{"line":44,"column":41},"end":{"line":44,"column":46}}],"line":44},"1":{"loc":{"start":{"line":45,"column":17},"end":{"line":45,"column":null}},"type":"cond-expr","locations":[{"start":{"line":45,"column":27},"end":{"line":45,"column":34}},{"start":{"line":45,"column":34},"end":{"line":45,"column":null}}],"line":45}},"s":{"0":2,"1":2,"2":9,"3":9,"4":2},"f":{"0":9},"b":{"0":[9],"1":[0,9]},"meta":{"lastBranch":2,"lastFunction":1,"lastStatement":5,"seen":{"s:7:6:34:Infinity":0,"s:43:15:55:Infinity":1,"f:44:2:44:3":0,"b:44:41:44:46":0,"s:45:17:45:Infinity":2,"b:45:27:45:34:45:34:45:Infinity":1,"s:47:4:52:Infinity":3,"s:58:0:58:Infinity":4}}}
,"D:\\Educacion\\UTN\\IV Cuatrimestre\\Trabajo Final Integrador\\Lmsfudensa\\frontend\\src\\components\\ui\\card.tsx": {"path":"D:\\Educacion\\UTN\\IV Cuatrimestre\\Trabajo Final Integrador\\Lmsfudensa\\frontend\\src\\components\\ui\\card.tsx","statementMap":{"0":{"start":{"line":6,"column":2},"end":{"line":13,"column":null}},"1":{"start":{"line":19,"column":2},"end":{"line":26,"column":null}},"2":{"start":{"line":32,"column":2},"end":{"line":36,"column":null}},"3":{"start":{"line":42,"column":2},"end":{"line":46,"column":null}},"4":{"start":{"line":52,"column":2},"end":{"line":59,"column":null}},"5":{"start":{"line":65,"column":2},"end":{"line":69,"column":null}},"6":{"start":{"line":75,"column":2},"end":{"line":79,"column":null}}},"fnMap":{"0":{"name":"Card","decl":{"start":{"line":5,"column":9},"end":{"line":5,"column":14}},"loc":{"start":{"line":5,"column":66},"end":{"line":16,"column":null}},"line":5},"1":{"name":"CardHeader","decl":{"start":{"line":18,"column":9},"end":{"line":18,"column":20}},"loc":{"start":{"line":18,"column":72},"end":{"line":29,"column":null}},"line":18},"2":{"name":"CardTitle","decl":{"start":{"line":31,"column":9},"end":{"line":31,"column":19}},"loc":{"start":{"line":31,"column":71},"end":{"line":39,"column":null}},"line":31},"3":{"name":"CardDescription","decl":{"start":{"line":41,"column":9},"end":{"line":41,"column":25}},"loc":{"start":{"line":41,"column":77},"end":{"line":49,"column":null}},"line":41},"4":{"name":"CardAction","decl":{"start":{"line":51,"column":9},"end":{"line":51,"column":20}},"loc":{"start":{"line":51,"column":72},"end":{"line":62,"column":null}},"line":51},"5":{"name":"CardContent","decl":{"start":{"line":64,"column":9},"end":{"line":64,"column":21}},"loc":{"start":{"line":64,"column":73},"end":{"line":72,"column":null}},"line":64},"6":{"name":"CardFooter","decl":{"start":{"line":74,"column":9},"end":{"line":74,"column":20}},"loc":{"start":{"line":74,"column":72},"end":{"line":82,"column":null}},"line":74}},"branchMap":{},"s":{"0":22,"1":10,"2":6,"3":0,"4":0,"5":10,"6":0},"f":{"0":22,"1":10,"2":6,"3":0,"4":0,"5":10,"6":0},"b":{},"meta":{"lastBranch":0,"lastFunction":7,"lastStatement":7,"seen":{"f:5:9:5:14":0,"s:6:2:13:Infinity":0,"f:18:9:18:20":1,"s:19:2:26:Infinity":1,"f:31:9:31:19":2,"s:32:2:36:Infinity":2,"f:41:9:41:25":3,"s:42:2:46:Infinity":3,"f:51:9:51:20":4,"s:52:2:59:Infinity":4,"f:64:9:64:21":5,"s:65:2:69:Infinity":5,"f:74:9:74:20":6,"s:75:2:79:Infinity":6}}}
,"D:\\Educacion\\UTN\\IV Cuatrimestre\\Trabajo Final Integrador\\Lmsfudensa\\frontend\\src\\components\\ui\\input.tsx": {"path":"D:\\Educacion\\UTN\\IV Cuatrimestre\\Trabajo Final Integrador\\Lmsfudensa\\frontend\\src\\components\\ui\\input.tsx","statementMap":{"0":{"start":{"line":6,"column":2},"end":{"line":16,"column":null}}},"fnMap":{"0":{"name":"Input","decl":{"start":{"line":5,"column":9},"end":{"line":5,"column":15}},"loc":{"start":{"line":5,"column":75},"end":{"line":19,"column":null}},"line":5}},"branchMap":{},"s":{"0":36},"f":{"0":36},"b":{},"meta":{"lastBranch":0,"lastFunction":1,"lastStatement":1,"seen":{"f:5:9:5:15":0,"s:6:2:16:Infinity":0}}}
,"D:\\Educacion\\UTN\\IV Cuatrimestre\\Trabajo Final Integrador\\Lmsfudensa\\frontend\\src\\components\\ui\\label.tsx": {"path":"D:\\Educacion\\UTN\\IV Cuatrimestre\\Trabajo Final Integrador\\Lmsfudensa\\frontend\\src\\components\\ui\\label.tsx","statementMap":{"0":{"start":{"line":1,"column":0},"end":{"line":1,"column":null}},"1":{"start":{"line":12,"column":2},"end":{"line":19,"column":null}}},"fnMap":{"0":{"name":"Label","decl":{"start":{"line":8,"column":9},"end":{"line":8,"column":15}},"loc":{"start":{"line":11,"column":51},"end":{"line":22,"column":null}},"line":11}},"branchMap":{},"s":{"0":2,"1":48},"f":{"0":48},"b":{},"meta":{"lastBranch":0,"lastFunction":1,"lastStatement":2,"seen":{"s:1:0:1:Infinity":0,"f:8:9:8:15":0,"s:12:2:19:Infinity":1}}}
,"D:\\Educacion\\UTN\\IV Cuatrimestre\\Trabajo Final Integrador\\Lmsfudensa\\frontend\\src\\components\\ui\\select.tsx": {"path":"D:\\Educacion\\UTN\\IV Cuatrimestre\\Trabajo Final Integrador\\Lmsfudensa\\frontend\\src\\components\\ui\\select.tsx","statementMap":{"0":{"start":{"line":1,"column":0},"end":{"line":1,"column":null}},"1":{"start":{"line":16,"column":2},"end":{"line":16,"column":null}},"2":{"start":{"line":22,"column":2},"end":{"line":22,"column":null}},"3":{"start":{"line":28,"column":2},"end":{"line":28,"column":null}},"4":{"start":{"line":39,"column":2},"end":{"line":51,"column":null}},"5":{"start":{"line":63,"column":2},"end":{"line":86,"column":null}},"6":{"start":{"line":96,"column":2},"end":{"line":100,"column":null}},"7":{"start":{"line":110,"column":2},"end":{"line":124,"column":null}},"8":{"start":{"line":133,"column":2},"end":{"line":137,"column":null}},"9":{"start":{"line":146,"column":2},"end":{"line":155,"column":null}},"10":{"start":{"line":164,"column":2},"end":{"line":173,"column":null}}},"fnMap":{"0":{"name":"Select","decl":{"start":{"line":13,"column":9},"end":{"line":13,"column":16}},"loc":{"start":{"line":15,"column":52},"end":{"line":17,"column":null}},"line":15},"1":{"name":"SelectGroup","decl":{"start":{"line":19,"column":9},"end":{"line":19,"column":21}},"loc":{"start":{"line":21,"column":53},"end":{"line":23,"column":null}},"line":21},"2":{"name":"SelectValue","decl":{"start":{"line":25,"column":9},"end":{"line":25,"column":21}},"loc":{"start":{"line":27,"column":53},"end":{"line":29,"column":null}},"line":27},"3":{"name":"SelectTrigger","decl":{"start":{"line":31,"column":9},"end":{"line":31,"column":23}},"loc":{"start":{"line":38,"column":1},"end":{"line":55,"column":null}},"line":38},"4":{"name":"SelectContent","decl":{"start":{"line":57,"column":9},"end":{"line":57,"column":23}},"loc":{"start":{"line":62,"column":55},"end":{"line":90,"column":null}},"line":62},"5":{"name":"SelectLabel","decl":{"start":{"line":92,"column":9},"end":{"line":92,"column":21}},"loc":{"start":{"line":95,"column":53},"end":{"line":103,"column":null}},"line":95},"6":{"name":"SelectItem","decl":{"start":{"line":105,"column":9},"end":{"line":105,"column":20}},"loc":{"start":{"line":109,"column":52},"end":{"line":127,"column":null}},"line":109},"7":{"name":"SelectSeparator","decl":{"start":{"line":129,"column":9},"end":{"line":129,"column":25}},"loc":{"start":{"line":132,"column":57},"end":{"line":140,"column":null}},"line":132},"8":{"name":"SelectScrollUpButton","decl":{"start":{"line":142,"column":9},"end":{"line":142,"column":30}},"loc":{"start":{"line":145,"column":62},"end":{"line":158,"column":null}},"line":145},"9":{"name":"SelectScrollDownButton","decl":{"start":{"line":160,"column":9},"end":{"line":160,"column":32}},"loc":{"start":{"line":163,"column":64},"end":{"line":176,"column":null}},"line":163}},"branchMap":{"0":{"loc":{"start":{"line":33,"column":2},"end":{"line":33,"column":18}},"type":"default-arg","locations":[{"start":{"line":33,"column":9},"end":{"line":33,"column":18}}],"line":33},"1":{"loc":{"start":{"line":60,"column":2},"end":{"line":60,"column":21}},"type":"default-arg","locations":[{"start":{"line":60,"column":13},"end":{"line":60,"column":21}}],"line":60},"2":{"loc":{"start":{"line":69,"column":10},"end":{"line":70,"column":null}},"type":"binary-expr","locations":[{"start":{"line":69,"column":10},"end":{"line":69,"column":null}},{"start":{"line":70,"column":12},"end":{"line":70,"column":null}}],"line":69},"3":{"loc":{"start":{"line":80,"column":12},"end":{"line":81,"column":null}},"type":"binary-expr","locations":[{"start":{"line":80,"column":12},"end":{"line":80,"column":null}},{"start":{"line":81,"column":14},"end":{"line":81,"column":null}}],"line":80}},"s":{"0":1,"1":3,"2":0,"3":3,"4":3,"5":3,"6":0,"7":18,"8":0,"9":3,"10":3},"f":{"0":3,"1":0,"2":3,"3":3,"4":3,"5":0,"6":18,"7":0,"8":3,"9":3},"b":{"0":[3],"1":[3],"2":[3,3],"3":[3,3]},"meta":{"lastBranch":4,"lastFunction":10,"lastStatement":11,"seen":{"s:1:0:1:Infinity":0,"f:13:9:13:16":0,"s:16:2:16:Infinity":1,"f:19:9:19:21":1,"s:22:2:22:Infinity":2,"f:25:9:25:21":2,"s:28:2:28:Infinity":3,"f:31:9:31:23":3,"b:33:9:33:18":0,"s:39:2:51:Infinity":4,"f:57:9:57:23":4,"b:60:13:60:21":1,"s:63:2:86:Infinity":5,"b:69:10:69:Infinity:70:12:70:Infinity":2,"b:80:12:80:Infinity:81:14:81:Infinity":3,"f:92:9:92:21":5,"s:96:2:100:Infinity":6,"f:105:9:105:20":6,"s:110:2:124:Infinity":7,"f:129:9:129:25":7,"s:133:2:137:Infinity":8,"f:142:9:142:30":8,"s:146:2:155:Infinity":9,"f:160:9:160:32":9,"s:164:2:173:Infinity":10}}}
,"D:\\Educacion\\UTN\\IV Cuatrimestre\\Trabajo Final Integrador\\Lmsfudensa\\frontend\\src\\components\\ui\\textarea.tsx": {"path":"D:\\Educacion\\UTN\\IV Cuatrimestre\\Trabajo Final Integrador\\Lmsfudensa\\frontend\\src\\components\\ui\\textarea.tsx","statementMap":{"0":{"start":{"line":6,"column":2},"end":{"line":13,"column":null}}},"fnMap":{"0":{"name":"Textarea","decl":{"start":{"line":5,"column":9},"end":{"line":5,"column":18}},"loc":{"start":{"line":5,"column":75},"end":{"line":16,"column":null}},"line":5}},"branchMap":{},"s":{"0":6},"f":{"0":6},"b":{},"meta":{"lastBranch":0,"lastFunction":1,"lastStatement":1,"seen":{"f:5:9:5:18":0,"s:6:2:13:Infinity":0}}}
,"D:\\Educacion\\UTN\\IV Cuatrimestre\\Trabajo Final Integrador\\Lmsfudensa\\frontend\\src\\components\\ui\\utils.ts": {"path":"D:\\Educacion\\UTN\\IV Cuatrimestre\\Trabajo Final Integrador\\Lmsfudensa\\frontend\\src\\components\\ui\\utils.ts","statementMap":{"0":{"start":{"line":5,"column":2},"end":{"line":5,"column":null}}},"fnMap":{"0":{"name":"cn","decl":{"start":{"line":4,"column":16},"end":{"line":4,"column":19}},"loc":{"start":{"line":4,"column":42},"end":{"line":6,"column":null}},"line":4}},"branchMap":{},"s":{"0":187},"f":{"0":187},"b":{},"meta":{"lastBranch":0,"lastFunction":1,"lastStatement":1,"seen":{"f:4:16:4:19":0,"s:5:2:5:Infinity":0}}}
,"D:\\Educacion\\UTN\\IV Cuatrimestre\\Trabajo Final Integrador\\Lmsfudensa\\frontend\\src\\lib\\validation.ts": {"path":"D:\\Educacion\\UTN\\IV Cuatrimestre\\Trabajo Final Integrador\\Lmsfudensa\\frontend\\src\\lib\\validation.ts","statementMap":{"0":{"start":{"line":10,"column":33},"end":{"line":37,"column":null}},"1":{"start":{"line":44,"column":33},"end":{"line":80,"column":null}},"2":{"start":{"line":87,"column":32},"end":{"line":135,"column":null}},"3":{"start":{"line":116,"column":23},"end":{"line":116,"column":null}},"4":{"start":{"line":142,"column":28},"end":{"line":165,"column":null}},"5":{"start":{"line":172,"column":40},"end":{"line":192,"column":null}},"6":{"start":{"line":199,"column":34},"end":{"line":218,"column":null}},"7":{"start":{"line":215,"column":23},"end":{"line":215,"column":null}},"8":{"start":{"line":225,"column":32},"end":{"line":246,"column":null}},"9":{"start":{"line":229,"column":2},"end":{"line":245,"column":null}},"10":{"start":{"line":230,"column":26},"end":{"line":230,"column":null}},"11":{"start":{"line":231,"column":4},"end":{"line":231,"column":null}},"12":{"start":{"line":233,"column":4},"end":{"line":243,"column":null}},"13":{"start":{"line":234,"column":47},"end":{"line":234,"column":null}},"14":{"start":{"line":235,"column":6},"end":{"line":241,"column":null}},"15":{"start":{"line":236,"column":21},"end":{"line":236,"column":null}},"16":{"start":{"line":237,"column":8},"end":{"line":239,"column":null}},"17":{"start":{"line":238,"column":10},"end":{"line":238,"column":null}},"18":{"start":{"line":240,"column":8},"end":{"line":240,"column":null}},"19":{"start":{"line":242,"column":6},"end":{"line":242,"column":null}},"20":{"start":{"line":244,"column":4},"end":{"line":244,"column":null}},"21":{"start":{"line":251,"column":33},"end":{"line":257,"column":null}},"22":{"start":{"line":252,"column":19},"end":{"line":254,"column":null}},"23":{"start":{"line":253,"column":4},"end":{"line":253,"column":null}},"24":{"start":{"line":256,"column":2},"end":{"line":256,"column":null}}},"fnMap":{"0":{"name":"(anonymous_0)","decl":{"start":{"line":116,"column":16},"end":{"line":116,"column":23}},"loc":{"start":{"line":116,"column":23},"end":{"line":116,"column":null}},"line":116},"1":{"name":"(anonymous_1)","decl":{"start":{"line":215,"column":16},"end":{"line":215,"column":23}},"loc":{"start":{"line":215,"column":23},"end":{"line":215,"column":null}},"line":215},"2":{"name":"(anonymous_2)","decl":{"start":{"line":225,"column":32},"end":{"line":225,"column":null}},"loc":{"start":{"line":227,"column":2},"end":{"line":246,"column":null}},"line":227},"3":{"name":"(anonymous_3)","decl":{"start":{"line":235,"column":27},"end":{"line":235,"column":28}},"loc":{"start":{"line":235,"column":28},"end":{"line":241,"column":null}},"line":235},"4":{"name":"(anonymous_4)","decl":{"start":{"line":251,"column":33},"end":{"line":251,"column":37}},"loc":{"start":{"line":251,"column":37},"end":{"line":257,"column":null}},"line":251},"5":{"name":"(anonymous_5)","decl":{"start":{"line":252,"column":19},"end":{"line":252,"column":26}},"loc":{"start":{"line":252,"column":26},"end":{"line":254,"column":null}},"line":252}},"branchMap":{"0":{"loc":{"start":{"line":233,"column":4},"end":{"line":243,"column":null}},"type":"if","locations":[{"start":{"line":233,"column":4},"end":{"line":243,"column":null}},{"start":{},"end":{}}],"line":233},"1":{"loc":{"start":{"line":237,"column":8},"end":{"line":239,"column":null}},"type":"if","locations":[{"start":{"line":237,"column":8},"end":{"line":239,"column":null}},{"start":{},"end":{}}],"line":237}},"s":{"0":3,"1":3,"2":3,"3":0,"4":3,"5":3,"6":3,"7":0,"8":3,"9":0,"10":0,"11":0,"12":0,"13":0,"14":0,"15":0,"16":0,"17":0,"18":0,"19":0,"20":0,"21":3,"22":0,"23":0,"24":0},"f":{"0":0,"1":0,"2":0,"3":0,"4":0,"5":0},"b":{"0":[0,0],"1":[0,0]},"meta":{"lastBranch":2,"lastFunction":6,"lastStatement":25,"seen":{"s:10:33:37:Infinity":0,"s:44:33:80:Infinity":1,"s:87:32:135:Infinity":2,"f:116:16:116:23":0,"s:116:23:116:Infinity":3,"s:142:28:165:Infinity":4,"s:172:40:192:Infinity":5,"s:199:34:218:Infinity":6,"f:215:16:215:23":1,"s:215:23:215:Infinity":7,"s:225:32:246:Infinity":8,"f:225:32:225:Infinity":2,"s:229:2:245:Infinity":9,"s:230:26:230:Infinity":10,"s:231:4:231:Infinity":11,"b:233:4:243:Infinity:undefined:undefined:undefined:undefined":0,"s:233:4:243:Infinity":12,"s:234:47:234:Infinity":13,"s:235:6:241:Infinity":14,"f:235:27:235:28":3,"s:236:21:236:Infinity":15,"b:237:8:239:Infinity:undefined:undefined:undefined:undefined":1,"s:237:8:239:Infinity":16,"s:238:10:238:Infinity":17,"s:240:8:240:Infinity":18,"s:242:6:242:Infinity":19,"s:244:4:244:Infinity":20,"s:251:33:257:Infinity":21,"f:251:33:251:37":4,"s:252:19:254:Infinity":22,"f:252:19:252:26":5,"s:253:4:253:Infinity":23,"s:256:2:256:Infinity":24}}}
,"D:\\Educacion\\UTN\\IV Cuatrimestre\\Trabajo Final Integrador\\Lmsfudensa\\frontend\\src\\pages\\Contact.tsx": {"path":"D:\\Educacion\\UTN\\IV Cuatrimestre\\Trabajo Final Integrador\\Lmsfudensa\\frontend\\src\\pages\\Contact.tsx","statementMap":{"0":{"start":{"line":20,"column":31},"end":{"line":26,"column":null}},"1":{"start":{"line":27,"column":27},"end":{"line":27,"column":null}},"2":{"start":{"line":28,"column":33},"end":{"line":28,"column":null}},"3":{"start":{"line":30,"column":28},"end":{"line":36,"column":null}},"4":{"start":{"line":31,"column":4},"end":{"line":31,"column":null}},"5":{"start":{"line":33,"column":4},"end":{"line":35,"column":null}},"6":{"start":{"line":34,"column":6},"end":{"line":34,"column":null}},"7":{"start":{"line":38,"column":23},"end":{"line":91,"column":null}},"8":{"start":{"line":39,"column":4},"end":{"line":39,"column":null}},"9":{"start":{"line":40,"column":4},"end":{"line":40,"column":null}},"10":{"start":{"line":41,"column":4},"end":{"line":41,"column":null}},"11":{"start":{"line":43,"column":4},"end":{"line":90,"column":null}},"12":{"start":{"line":45,"column":31},"end":{"line":45,"column":null}},"13":{"start":{"line":47,"column":6},"end":{"line":52,"column":null}},"14":{"start":{"line":48,"column":8},"end":{"line":48,"column":null}},"15":{"start":{"line":49,"column":8},"end":{"line":49,"column":null}},"16":{"start":{"line":50,"column":8},"end":{"line":50,"column":null}},"17":{"start":{"line":51,"column":8},"end":{"line":51,"column":null}},"18":{"start":{"line":55,"column":24},"end":{"line":66,"column":null}},"19":{"start":{"line":68,"column":6},"end":{"line":68,"column":null}},"20":{"start":{"line":68,"column":17},"end":{"line":68,"column":null}},"21":{"start":{"line":70,"column":6},"end":{"line":72,"column":null}},"22":{"start":{"line":75,"column":6},"end":{"line":81,"column":null}},"23":{"start":{"line":83,"column":22},"end":{"line":83,"column":null}},"24":{"start":{"line":84,"column":6},"end":{"line":84,"column":null}},"25":{"start":{"line":85,"column":6},"end":{"line":87,"column":null}},"26":{"start":{"line":89,"column":6},"end":{"line":89,"column":null}},"27":{"start":{"line":93,"column":2},"end":{"line":296,"column":null}},"28":{"start":{"line":194,"column":26},"end":{"line":194,"column":null}},"29":{"start":{"line":212,"column":26},"end":{"line":212,"column":null}},"30":{"start":{"line":232,"column":26},"end":{"line":232,"column":null}},"31":{"start":{"line":247,"column":26},"end":{"line":247,"column":null}},"32":{"start":{"line":275,"column":24},"end":{"line":275,"column":null}}},"fnMap":{"0":{"name":"Contact","decl":{"start":{"line":19,"column":16},"end":{"line":19,"column":null}},"loc":{"start":{"line":19,"column":16},"end":{"line":309,"column":null}},"line":19},"1":{"name":"(anonymous_1)","decl":{"start":{"line":30,"column":28},"end":{"line":30,"column":29}},"loc":{"start":{"line":30,"column":44},"end":{"line":36,"column":null}},"line":30},"2":{"name":"(anonymous_2)","decl":{"start":{"line":38,"column":23},"end":{"line":38,"column":30}},"loc":{"start":{"line":38,"column":30},"end":{"line":91,"column":null}},"line":38},"3":{"name":"(anonymous_3)","decl":{"start":{"line":193,"column":34},"end":{"line":193,"column":35}},"loc":{"start":{"line":194,"column":26},"end":{"line":194,"column":null}},"line":194},"4":{"name":"(anonymous_4)","decl":{"start":{"line":211,"column":34},"end":{"line":211,"column":35}},"loc":{"start":{"line":212,"column":26},"end":{"line":212,"column":null}},"line":212},"5":{"name":"(anonymous_5)","decl":{"start":{"line":231,"column":34},"end":{"line":231,"column":35}},"loc":{"start":{"line":232,"column":26},"end":{"line":232,"column":null}},"line":232},"6":{"name":"(anonymous_6)","decl":{"start":{"line":246,"column":39},"end":{"line":246,"column":40}},"loc":{"start":{"line":247,"column":26},"end":{"line":247,"column":null}},"line":247},"7":{"name":"(anonymous_7)","decl":{"start":{"line":274,"column":32},"end":{"line":274,"column":33}},"loc":{"start":{"line":275,"column":24},"end":{"line":275,"column":null}},"line":275}},"branchMap":{"0":{"loc":{"start":{"line":33,"column":4},"end":{"line":35,"column":null}},"type":"if","locations":[{"start":{"line":33,"column":4},"end":{"line":35,"column":null}},{"start":{},"end":{}}],"line":33},"1":{"loc":{"start":{"line":47,"column":6},"end":{"line":52,"column":null}},"type":"if","locations":[{"start":{"line":47,"column":6},"end":{"line":52,"column":null}},{"start":{},"end":{}}],"line":47},"2":{"loc":{"start":{"line":48,"column":18},"end":{"line":48,"column":null}},"type":"binary-expr","locations":[{"start":{"line":48,"column":18},"end":{"line":48,"column":41}},{"start":{"line":48,"column":45},"end":{"line":48,"column":null}}],"line":48},"3":{"loc":{"start":{"line":68,"column":6},"end":{"line":68,"column":null}},"type":"if","locations":[{"start":{"line":68,"column":6},"end":{"line":68,"column":null}},{"start":{},"end":{}}],"line":68},"4":{"loc":{"start":{"line":83,"column":22},"end":{"line":83,"column":null}},"type":"cond-expr","locations":[{"start":{"line":83,"column":47},"end":{"line":83,"column":60}},{"start":{"line":83,"column":63},"end":{"line":83,"column":null}}],"line":83},"5":{"loc":{"start":{"line":197,"column":43},"end":{"line":197,"column":80}},"type":"cond-expr","locations":[{"start":{"line":197,"column":57},"end":{"line":197,"column":76}},{"start":{"line":197,"column":76},"end":{"line":197,"column":80}}],"line":197},"6":{"loc":{"start":{"line":200,"column":23},"end":{"line":201,"column":null}},"type":"binary-expr","locations":[{"start":{"line":200,"column":23},"end":{"line":200,"column":34}},{"start":{"line":200,"column":34},"end":{"line":201,"column":null}}],"line":200},"7":{"loc":{"start":{"line":215,"column":43},"end":{"line":215,"column":81}},"type":"cond-expr","locations":[{"start":{"line":215,"column":58},"end":{"line":215,"column":77}},{"start":{"line":215,"column":77},"end":{"line":215,"column":81}}],"line":215},"8":{"loc":{"start":{"line":218,"column":23},"end":{"line":219,"column":null}},"type":"binary-expr","locations":[{"start":{"line":218,"column":23},"end":{"line":218,"column":35}},{"start":{"line":218,"column":35},"end":{"line":219,"column":null}}],"line":218},"9":{"loc":{"start":{"line":235,"column":43},"end":{"line":235,"column":null}},"type":"cond-expr","locations":[{"start":{"line":235,"column":58},"end":{"line":235,"column":77}},{"start":{"line":235,"column":77},"end":{"line":235,"column":null}}],"line":235},"10":{"loc":{"start":{"line":237,"column":23},"end":{"line":238,"column":null}},"type":"binary-expr","locations":[{"start":{"line":237,"column":23},"end":{"line":237,"column":35}},{"start":{"line":237,"column":35},"end":{"line":238,"column":null}}],"line":237},"11":{"loc":{"start":{"line":251,"column":71},"end":{"line":251,"column":111}},"type":"cond-expr","locations":[{"start":{"line":251,"column":88},"end":{"line":251,"column":107}},{"start":{"line":251,"column":107},"end":{"line":251,"column":111}}],"line":251},"12":{"loc":{"start":{"line":263,"column":23},"end":{"line":264,"column":null}},"type":"binary-expr","locations":[{"start":{"line":263,"column":23},"end":{"line":263,"column":37}},{"start":{"line":263,"column":37},"end":{"line":264,"column":null}}],"line":263},"13":{"loc":{"start":{"line":279,"column":48},"end":{"line":279,"column":88}},"type":"cond-expr","locations":[{"start":{"line":279,"column":65},"end":{"line":279,"column":84}},{"start":{"line":279,"column":84},"end":{"line":279,"column":88}}],"line":279},"14":{"loc":{"start":{"line":282,"column":21},"end":{"line":283,"column":null}},"type":"binary-expr","locations":[{"start":{"line":282,"column":21},"end":{"line":282,"column":35}},{"start":{"line":282,"column":35},"end":{"line":283,"column":null}}],"line":282},"15":{"loc":{"start":{"line":296,"column":23},"end":{"line":296,"column":null}},"type":"cond-expr","locations":[{"start":{"line":296,"column":35},"end":{"line":296,"column":51}},{"start":{"line":296,"column":51},"end":{"line":296,"column":null}}],"line":296}},"s":{"0":3,"1":3,"2":3,"3":3,"4":0,"5":0,"6":0,"7":3,"8":0,"9":0,"10":0,"11":0,"12":0,"13":0,"14":0,"15":0,"16":0,"17":0,"18":0,"19":0,"20":0,"21":0,"22":0,"23":0,"24":0,"25":0,"26":0,"27":3,"28":0,"29":0,"30":0,"31":0,"32":0},"f":{"0":3,"1":0,"2":0,"3":0,"4":0,"5":0,"6":0,"7":0},"b":{"0":[0,0],"1":[0,0],"2":[0,0],"3":[0,0],"4":[0,0],"5":[0,3],"6":[3,0],"7":[0,3],"8":[3,0],"9":[0,3],"10":[3,0],"11":[0,3],"12":[3,0],"13":[0,3],"14":[3,0],"15":[0,3]},"meta":{"lastBranch":16,"lastFunction":8,"lastStatement":33,"seen":{"f:19:16:19:Infinity":0,"s:20:31:26:Infinity":0,"s:27:27:27:Infinity":1,"s:28:33:28:Infinity":2,"s:30:28:36:Infinity":3,"f:30:28:30:29":1,"s:31:4:31:Infinity":4,"b:33:4:35:Infinity:undefined:undefined:undefined:undefined":0,"s:33:4:35:Infinity":5,"s:34:6:34:Infinity":6,"s:38:23:91:Infinity":7,"f:38:23:38:30":2,"s:39:4:39:Infinity":8,"s:40:4:40:Infinity":9,"s:41:4:41:Infinity":10,"s:43:4:90:Infinity":11,"s:45:31:45:Infinity":12,"b:47:6:52:Infinity:undefined:undefined:undefined:undefined":1,"s:47:6:52:Infinity":13,"s:48:8:48:Infinity":14,"b:48:18:48:41:48:45:48:Infinity":2,"s:49:8:49:Infinity":15,"s:50:8:50:Infinity":16,"s:51:8:51:Infinity":17,"s:55:24:66:Infinity":18,"b:68:6:68:Infinity:undefined:undefined:undefined:undefined":3,"s:68:6:68:Infinity":19,"s:68:17:68:Infinity":20,"s:70:6:72:Infinity":21,"s:75:6:81:Infinity":22,"s:83:22:83:Infinity":23,"b:83:47:83:60:83:63:83:Infinity":4,"s:84:6:84:Infinity":24,"s:85:6:87:Infinity":25,"s:89:6:89:Infinity":26,"s:93:2:296:Infinity":27,"f:193:34:193:35":3,"s:194:26:194:Infinity":28,"b:197:57:197:76:197:76:197:80":5,"b:200:23:200:34:200:34:201:Infinity":6,"f:211:34:211:35":4,"s:212:26:212:Infinity":29,"b:215:58:215:77:215:77:215:81":7,"b:218:23:218:35:218:35:219:Infinity":8,"f:231:34:231:35":5,"s:232:26:232:Infinity":30,"b:235:58:235:77:235:77:235:Infinity":9,"b:237:23:237:35:237:35:238:Infinity":10,"f:246:39:246:40":6,"s:247:26:247:Infinity":31,"b:251:88:251:107:251:107:251:111":11,"b:263:23:263:37:263:37:264:Infinity":12,"f:274:32:274:33":7,"s:275:24:275:Infinity":32,"b:279:65:279:84:279:84:279:88":13,"b:282:21:282:35:282:35:283:Infinity":14,"b:296:35:296:51:296:51:296:Infinity":15}}}
}
