TN:
SF:src\components\CourseCard.tsx
FN:18,CourseCard
FNF:1
FNH:1
FNDA:4,CourseCard
DA:18,1
DA:27,4
DA:33,4
LF:3
LH:3
BRDA:48,0,0,4
BRDA:48,0,1,0
BRDA:73,1,0,0
BRDA:73,1,1,4
BRDA:73,2,0,4
BRDA:73,2,1,0
BRF:6
BRH:3
end_of_record
TN:
SF:src\components\TeacherForm.tsx
FN:19,TeacherForm
FN:37,(anonymous_1)
FN:45,(anonymous_2)
FN:107,(anonymous_3)
FN:121,(anonymous_4)
FN:136,(anonymous_5)
FN:148,(anonymous_6)
FN:160,(anonymous_7)
FN:180,(anonymous_8)
FN:192,(anonymous_9)
FN:209,(anonymous_10)
FN:223,(anonymous_11)
FN:236,(anonymous_12)
FN:250,(anonymous_13)
FNF:14
FNH:1
FNDA:3,TeacherForm
FNDA:0,(anonymous_1)
FNDA:0,(anonymous_2)
FNDA:0,(anonymous_3)
FNDA:0,(anonymous_4)
FNDA:0,(anonymous_5)
FNDA:0,(anonymous_6)
FNDA:0,(anonymous_7)
FNDA:0,(anonymous_8)
FNDA:0,(anonymous_9)
FNDA:0,(anonymous_10)
FNDA:0,(anonymous_11)
FNDA:0,(anonymous_12)
FNDA:0,(anonymous_13)
DA:20,3
DA:35,3
DA:37,3
DA:38,0
DA:40,0
DA:41,0
DA:45,3
DA:46,0
DA:48,0
DA:50,0
DA:60,0
DA:61,0
DA:62,0
DA:63,0
DA:67,0
DA:69,0
DA:70,0
DA:74,3
DA:107,0
DA:121,0
DA:136,0
DA:149,0
DA:160,0
DA:181,0
DA:193,0
DA:210,0
DA:224,0
DA:237,0
DA:250,0
LF:29
LH:5
BRDA:21,0,0,3
BRDA:21,0,1,3
BRDA:40,1,0,0
BRDA:40,1,1,0
BRDA:53,2,0,0
BRDA:53,2,1,0
BRDA:60,3,0,0
BRDA:60,3,1,0
BRDA:61,4,0,0
BRDA:61,4,1,0
BRDA:79,5,0,0
BRDA:79,5,1,3
BRDA:91,6,0,0
BRDA:91,6,1,3
BRDA:109,7,0,0
BRDA:109,7,1,3
BRDA:111,8,0,3
BRDA:111,8,1,0
BRDA:123,9,0,0
BRDA:123,9,1,3
BRDA:125,10,0,3
BRDA:125,10,1,0
BRDA:135,11,0,3
BRDA:135,11,1,3
BRDA:147,12,0,3
BRDA:147,12,1,3
BRDA:159,13,0,3
BRDA:159,13,1,3
BRDA:179,14,0,3
BRDA:179,14,1,3
BRDA:191,15,0,3
BRDA:191,15,1,3
BRDA:193,16,0,0
BRDA:193,16,1,0
BRDA:208,17,0,3
BRDA:208,17,1,3
BRDA:222,18,0,3
BRDA:222,18,1,3
BRDA:235,19,0,3
BRDA:235,19,1,3
BRDA:256,20,0,3
BRDA:256,20,1,0
BRF:42
BRH:25
end_of_record
TN:
SF:src\components\figma\ImageWithFallback.tsx
FN:6,ImageWithFallback
FN:9,(anonymous_1)
FNF:2
FNH:1
FNDA:4,ImageWithFallback
FNDA:0,(anonymous_1)
DA:4,1
DA:7,4
DA:9,4
DA:10,0
DA:13,4
DA:15,4
LF:6
LH:5
BRDA:15,0,0,0
BRDA:15,0,1,4
BRDA:17,1,0,0
BRDA:17,1,1,0
BRF:4
BRH:1
end_of_record
TN:
SF:src\components\ui\badge.tsx
FN:28,Badge
FNF:1
FNH:1
FNDA:7,Badge
DA:7,2
DA:35,7
DA:37,7
LF:3
LH:3
BRDA:31,0,0,7
BRDA:35,1,0,0
BRDA:35,1,1,7
BRF:3
BRH:2
end_of_record
TN:
SF:src\components\ui\button.tsx
FN:44,(anonymous_0)
FNF:1
FNH:1
FNDA:9,(anonymous_0)
DA:7,2
DA:43,2
DA:45,9
DA:47,9
DA:58,2
LF:5
LH:5
BRDA:44,0,0,9
BRDA:45,1,0,0
BRDA:45,1,1,9
BRF:3
BRH:2
end_of_record
TN:
SF:src\components\ui\card.tsx
FN:5,Card
FN:18,CardHeader
FN:31,CardTitle
FN:41,CardDescription
FN:51,CardAction
FN:64,CardContent
FN:74,CardFooter
FNF:7
FNH:4
FNDA:22,Card
FNDA:10,CardHeader
FNDA:6,CardTitle
FNDA:0,CardDescription
FNDA:0,CardAction
FNDA:10,CardContent
FNDA:0,CardFooter
DA:6,22
DA:19,10
DA:32,6
DA:42,0
DA:52,0
DA:65,10
DA:75,0
LF:7
LH:4
BRF:0
BRH:0
end_of_record
TN:
SF:src\components\ui\input.tsx
FN:5,Input
FNF:1
FNH:1
FNDA:36,Input
DA:6,36
LF:1
LH:1
BRF:0
BRH:0
end_of_record
TN:
SF:src\components\ui\label.tsx
FN:8,Label
FNF:1
FNH:1
FNDA:48,Label
DA:1,2
DA:12,48
LF:2
LH:2
BRF:0
BRH:0
end_of_record
TN:
SF:src\components\ui\select.tsx
FN:13,Select
FN:19,SelectGroup
FN:25,SelectValue
FN:31,SelectTrigger
FN:57,SelectContent
FN:92,SelectLabel
FN:105,SelectItem
FN:129,SelectSeparator
FN:142,SelectScrollUpButton
FN:160,SelectScrollDownButton
FNF:10
FNH:7
FNDA:3,Select
FNDA:0,SelectGroup
FNDA:3,SelectValue
FNDA:3,SelectTrigger
FNDA:3,SelectContent
FNDA:0,SelectLabel
FNDA:18,SelectItem
FNDA:0,SelectSeparator
FNDA:3,SelectScrollUpButton
FNDA:3,SelectScrollDownButton
DA:1,1
DA:16,3
DA:22,0
DA:28,3
DA:39,3
DA:63,3
DA:96,0
DA:110,18
DA:133,0
DA:146,3
DA:164,3
LF:11
LH:8
BRDA:33,0,0,3
BRDA:60,1,0,3
BRDA:69,2,0,3
BRDA:69,2,1,3
BRDA:80,3,0,3
BRDA:80,3,1,3
BRF:6
BRH:6
end_of_record
TN:
SF:src\components\ui\textarea.tsx
FN:5,Textarea
FNF:1
FNH:1
FNDA:6,Textarea
DA:6,6
LF:1
LH:1
BRF:0
BRH:0
end_of_record
TN:
SF:src\components\ui\utils.ts
FN:4,cn
FNF:1
FNH:1
FNDA:187,cn
DA:5,187
LF:1
LH:1
BRF:0
BRH:0
end_of_record
TN:
SF:src\lib\validation.ts
FN:116,(anonymous_0)
FN:215,(anonymous_1)
FN:225,(anonymous_2)
FN:235,(anonymous_3)
FN:251,(anonymous_4)
FN:252,(anonymous_5)
FNF:6
FNH:0
FNDA:0,(anonymous_0)
FNDA:0,(anonymous_1)
FNDA:0,(anonymous_2)
FNDA:0,(anonymous_3)
FNDA:0,(anonymous_4)
FNDA:0,(anonymous_5)
DA:10,3
DA:44,3
DA:87,3
DA:116,0
DA:142,3
DA:172,3
DA:199,3
DA:215,0
DA:225,3
DA:229,0
DA:230,0
DA:231,0
DA:233,0
DA:234,0
DA:235,0
DA:236,0
DA:237,0
DA:238,0
DA:240,0
DA:242,0
DA:244,0
DA:251,3
DA:252,0
DA:253,0
DA:256,0
LF:25
LH:8
BRDA:233,0,0,0
BRDA:233,0,1,0
BRDA:237,1,0,0
BRDA:237,1,1,0
BRF:4
BRH:0
end_of_record
TN:
SF:src\pages\Contact.tsx
FN:19,Contact
FN:30,(anonymous_1)
FN:38,(anonymous_2)
FN:193,(anonymous_3)
FN:211,(anonymous_4)
FN:231,(anonymous_5)
FN:246,(anonymous_6)
FN:274,(anonymous_7)
FNF:8
FNH:1
FNDA:3,Contact
FNDA:0,(anonymous_1)
FNDA:0,(anonymous_2)
FNDA:0,(anonymous_3)
FNDA:0,(anonymous_4)
FNDA:0,(anonymous_5)
FNDA:0,(anonymous_6)
FNDA:0,(anonymous_7)
DA:20,3
DA:27,3
DA:28,3
DA:30,3
DA:31,0
DA:33,0
DA:34,0
DA:38,3
DA:39,0
DA:40,0
DA:41,0
DA:43,0
DA:45,0
DA:47,0
DA:48,0
DA:49,0
DA:50,0
DA:51,0
DA:55,0
DA:68,0
DA:70,0
DA:75,0
DA:83,0
DA:84,0
DA:85,0
DA:89,0
DA:93,3
DA:194,0
DA:212,0
DA:232,0
DA:247,0
DA:275,0
LF:32
LH:6
BRDA:33,0,0,0
BRDA:33,0,1,0
BRDA:47,1,0,0
BRDA:47,1,1,0
BRDA:48,2,0,0
BRDA:48,2,1,0
BRDA:68,3,0,0
BRDA:68,3,1,0
BRDA:83,4,0,0
BRDA:83,4,1,0
BRDA:197,5,0,0
BRDA:197,5,1,3
BRDA:200,6,0,3
BRDA:200,6,1,0
BRDA:215,7,0,0
BRDA:215,7,1,3
BRDA:218,8,0,3
BRDA:218,8,1,0
BRDA:235,9,0,0
BRDA:235,9,1,3
BRDA:237,10,0,3
BRDA:237,10,1,0
BRDA:251,11,0,0
BRDA:251,11,1,3
BRDA:263,12,0,3
BRDA:263,12,1,0
BRDA:279,13,0,0
BRDA:279,13,1,3
BRDA:282,14,0,3
BRDA:282,14,1,0
BRDA:296,15,0,0
BRDA:296,15,1,3
BRF:32
BRH:11
end_of_record
